<?xml version="1.0" encoding="ISO-8859-1" ?>
<scenario name="">
  <recv request="INVITE" rrs="true" crlf="true" />
  <send>
    <![CDATA[

SIP/2.0 100 Trying
[last_Via:]
[last_From:]
[last_To:];tag=[call_number]
[last_Call-ID:]
[last_CSeq:]
Contact: <sip:[local_ip]:[local_port];transport=[transport]>
Content-Length: 0

]]>
  </send>
  <send>
<![CDATA[
SIP/2.0 180 Ringing
[last_Via:]
[last_From:]
[last_To:];tag=[call_number]-INV-UAS
[last_Call-ID:]
[last_CSeq:]
Contact: [field0] <sip:[field0]@[local_ip]:[local_port]>
[last_Record-Route:]
Content-Length: 0
]]>
  </send>
  <send retrans="500">
    <![CDATA[

      SIP/2.0 200 OK
      [last_Via:]
      [last_From:]
      [last_To:];tag=[pid]SIPpTag01[call_number]
      [last_Call-ID:]
      [last_CSeq:]
      Contact: <sip:[local_ip]:[local_port];transport=[transport]>
      Content-Type: application/sdp
      Content-Length: [len]

      v=0
      o=user1 53655765 2353687637 IN IP[local_ip_type] [local_ip]
      s=-
      c=IN IP[media_ip_type] [media_ip]
      t=0 0
      m=audio 123 RTP/AVP 18
      a=rtpmap:18 G729/8000

    ]]>
  </send>
  <recv request="ACK" crlf="true" />

  <!--
  <nop>
    <action>
      <exec play_pcap_audio="pcaps/g711a.pcap"/>
    </action>
  </nop>
  -->

  <recv request="BYE" crlf="true" />
  <send retrans="500">
    <![CDATA[

      SIP/2.0 200 OK
      [last_Via:]
      [last_From:]
      [last_To:];tag=[pid]SIPpTag01[call_number]
      [last_Call-ID:]
      [last_CSeq:]
      Contact: <sip:[local_ip]:[local_port];transport=[transport]>
      Content-Type: application/sdp
      Content-Length: [len]

    ]]>
  </send>
</scenario>
