<?xml version="1.0" encoding="ISO-8859-1" ?>
<scenario name="">
  <recv request="INVITE" rrs="true" >
    <action>
      <ereg regexp="tag=([[:alnum:]\-]*)"
	    search_in="hdr"
	    header="From:"
	    check_it="true"
	    assign_to="10"/>
    </action>
  </recv>
  <send>
<![CDATA[
SIP/2.0 183 Session Progress
[last_Via:]
[last_From:]
[last_To:];tag=[call_number]-INV-UAS
[last_Call-ID:]
[last_CSeq:]
Contact: [field0] <sip:[field0]@[local_ip]:[local_port]>
[last_Record-Route:]
Content-Length: 0
]]>
  </send>
  <send>
    <![CDATA[

      SIP/2.0 200 OK
      [last_Via:]
      [last_From:]
      [last_To:];tag=[call_number]-INV-UAS
      [last_Call-ID:]
      [last_CSeq:]
      Contact: <sip:[local_ip]:[local_port];transport=[transport]>
      Content-Type: application/sdp
      Content-Length: [len]

      v=0
      o=user1 53655765 2353687637 IN IP[local_ip_type] [local_ip]
      s=-
      c=IN IP[media_ip_type] [media_ip]
      t=0 0
      m=audio [auto_media_port] RTP/AVP 18
      a=rtpmap:18 G729/8000

    ]]>
  </send>
  <recv request="ACK" crlf="true" />
  <nop>
    <action>
      <exec play_pcap_audio="pcaps/g711a.pcap"/>
    </action>
  </nop>
  <pause milliseconds="2500"/>
  <send>
<![CDATA[
REFER sip:[field0]@[remote_ip]:[remote_port] SIP/2.0
Via: SIP/2.0/[transport] [local_ip]:[local_port];branch=[branch]
From: 911 <sip:911@[local_ip]:[local_port]>;tag=[call_number]-INV-UAS
To: 2604462807 <sip:2604462807@[remote_ip]:[remote_port]>;[$10]
[last_Call-ID:]
CSeq: [cseq] REFER
Max-Forwards: 70
Refer-To: sip:refered_user@!sipptas(host(3))!:!sipptas(port(3))!
Content-Length: 0
[routes]
]]>
  </send>
  <recv response="202" rtd="true" rrs="true">
  </recv>
  <recv request="NOTIFY" />
  <send>
<![CDATA[
SIP/2.0 200 OK
[last_Via:]
[last_From:]
[last_To:]
[last_Call-ID:]
[last_CSeq:]
[last_Event:]
Contact: <sip:[local_ip]:[local_port];transport=[transport]>
Content-Length: 0
]]>
  </send>
  <recv request="NOTIFY" />
  <send>
<![CDATA[
SIP/2.0 200 OK
[last_Via:]
[last_From:]
[last_To:]
[last_Call-ID:]
[last_CSeq:]
[last_Event:]
Contact: <sip:[local_ip]:[local_port];transport=[transport]>
Content-Length: 0
]]>
  </send>
  <recv request="NOTIFY"  />
  <send>
<![CDATA[
SIP/2.0 200 OK
[last_Via:]
[last_From:]
[last_To:]
[last_Call-ID:]
[last_CSeq:]
[last_Event:]
Contact: <sip:[local_ip]:[local_port];transport=[transport]>
Content-Length: 0
]]>  
  </send>
  <recv request="BYE" crlf="true" />
  <send retrans="500">
<![CDATA[
      SIP/2.0 200 OK
      [last_Via:]
      [last_From:]
      [last_To:]
      [last_Call-ID:]
      [last_CSeq:]
      Contact: <sip:[local_ip]:[local_port];transport=[transport]>
      Content-Type: application/sdp
      Content-Length: [len]
]]>
  </send>
  <!-- definition of the response time repartition table (unit is ms)   -->
  <ResponseTimeRepartition value="10, 20, 30, 40, 50, 100, 150, 200"/>

  <!-- definition of the call length repartition table (unit is ms)     -->
  <CallLengthRepartition value="10, 50, 100, 500, 1000, 5000, 10000"/>

</scenario>
